34f8 initialise_clink          109 ---- 2021/07/27 14:55:33.832 -------------------------------------------------
34f8 initialise_clink          110 Host process is 'cmd.exe'
34f8 initialise_clink          124 Windows version 10.0.19042 (x64)
34f8 initialise_clink          127 Clink version 1.1.45.1c3985 (x64)
34f8 hook_setter::hook_setter   36 >>> Started hook transaction.
34f8 hook_iat                   53 Attempting to hook IAT for module 00007FF7FECB0000
34f8 hook_iat                   54 Target is (null),SetEnvironmentVariableW (by_name=1)
34f8 pe_info::iterate_imports  154 Checking imports in 'msvcrt.dll'
34f8 pe_info::iterate_imports  154 Checking imports in 'ntdll.dll'
34f8 pe_info::iterate_imports  154 Checking imports in 'api-ms-win-core-kernel32-legacy-l1-1-0.dll'
34f8 pe_info::iterate_imports  154 Checking imports in 'api-ms-win-core-libraryloader-l1-2-0.dll'
34f8 pe_info::iterate_imports  154 Checking imports in 'api-ms-win-core-synch-l1-1-0.dll'
34f8 pe_info::iterate_imports  154 Checking imports in 'api-ms-win-core-heap-l1-1-0.dll'
34f8 pe_info::iterate_imports  154 Checking imports in 'api-ms-win-core-errorhandling-l1-1-0.dll'
34f8 pe_info::iterate_imports  154 Checking imports in 'api-ms-win-core-processthreads-l1-1-0.dll'
34f8 pe_info::iterate_imports  154 Checking imports in 'api-ms-win-core-localization-l1-2-0.dll'
34f8 pe_info::iterate_imports  154 Checking imports in 'api-ms-win-core-debug-l1-1-0.dll'
34f8 pe_info::iterate_imports  154 Checking imports in 'api-ms-win-core-handle-l1-1-0.dll'
34f8 pe_info::iterate_imports  154 Checking imports in 'api-ms-win-core-memory-l1-1-0.dll'
34f8 pe_info::iterate_imports  154 Checking imports in 'api-ms-win-core-console-l1-1-0.dll'
34f8 pe_info::iterate_imports  154 Checking imports in 'api-ms-win-core-file-l1-1-0.dll'
34f8 pe_info::iterate_imports  154 Checking imports in 'api-ms-win-core-string-l1-1-0.dll'
34f8 pe_info::iterate_imports  154 Checking imports in 'api-ms-win-core-processenvironment-l1-1-0.dll'
34f8 hook_iat                   81 Found import at 00007FF7FECE3860 (value = 00007FFD010BC310)
34f8 hook_iat                   53 Attempting to hook IAT for module 00007FFCAFAC0000
34f8 hook_iat                   54 Target is (null),SetEnvironmentVariableW (by_name=1)
34f8 pe_info::iterate_imports  154 Checking imports in 'VERSION.dll'
34f8 pe_info::iterate_imports  154 Checking imports in 'SHLWAPI.dll'
34f8 pe_info::iterate_imports  154 Checking imports in 'RPCRT4.dll'
34f8 pe_info::iterate_imports  154 Checking imports in 'dbghelp.dll'
34f8 pe_info::iterate_imports  154 Checking imports in 'KERNEL32.dll'
34f8 hook_iat                   81 Found import at 00007FFCAFBA2208 (value = 00007FFD029C09C0)
34f8 hook_iat                   53 Attempting to hook IAT for module 00007FF7FECB0000
34f8 hook_iat                   54 Target is (null),WriteConsoleW (by_name=1)
34f8 pe_info::iterate_imports  154 Checking imports in 'msvcrt.dll'
34f8 pe_info::iterate_imports  154 Checking imports in 'ntdll.dll'
34f8 pe_info::iterate_imports  154 Checking imports in 'api-ms-win-core-kernel32-legacy-l1-1-0.dll'
34f8 pe_info::iterate_imports  154 Checking imports in 'api-ms-win-core-libraryloader-l1-2-0.dll'
34f8 pe_info::iterate_imports  154 Checking imports in 'api-ms-win-core-synch-l1-1-0.dll'
34f8 pe_info::iterate_imports  154 Checking imports in 'api-ms-win-core-heap-l1-1-0.dll'
34f8 pe_info::iterate_imports  154 Checking imports in 'api-ms-win-core-errorhandling-l1-1-0.dll'
34f8 pe_info::iterate_imports  154 Checking imports in 'api-ms-win-core-processthreads-l1-1-0.dll'
34f8 pe_info::iterate_imports  154 Checking imports in 'api-ms-win-core-localization-l1-2-0.dll'
34f8 pe_info::iterate_imports  154 Checking imports in 'api-ms-win-core-debug-l1-1-0.dll'
34f8 pe_info::iterate_imports  154 Checking imports in 'api-ms-win-core-handle-l1-1-0.dll'
34f8 pe_info::iterate_imports  154 Checking imports in 'api-ms-win-core-memory-l1-1-0.dll'
34f8 pe_info::iterate_imports  154 Checking imports in 'api-ms-win-core-console-l1-1-0.dll'
34f8 hook_iat                   81 Found import at 00007FF7FECE34F8 (value = 00007FFD01061500)
34f8 hook_iat                   53 Attempting to hook IAT for module 00007FFCAFAC0000
34f8 hook_iat                   54 Target is (null),WriteConsoleW (by_name=1)
34f8 pe_info::iterate_imports  154 Checking imports in 'VERSION.dll'
34f8 pe_info::iterate_imports  154 Checking imports in 'SHLWAPI.dll'
34f8 pe_info::iterate_imports  154 Checking imports in 'RPCRT4.dll'
34f8 pe_info::iterate_imports  154 Checking imports in 'dbghelp.dll'
34f8 pe_info::iterate_imports  154 Checking imports in 'KERNEL32.dll'
34f8 hook_iat                   81 Found import at 00007FFCAFBA20E8 (value = 00007FFD029C53C0)
34f8 hook_iat                   53 Attempting to hook IAT for module 00007FF7FECB0000
34f8 hook_iat                   54 Target is (null),GetEnvironmentVariableW (by_name=1)
34f8 pe_info::iterate_imports  154 Checking imports in 'msvcrt.dll'
34f8 pe_info::iterate_imports  154 Checking imports in 'ntdll.dll'
34f8 pe_info::iterate_imports  154 Checking imports in 'api-ms-win-core-kernel32-legacy-l1-1-0.dll'
34f8 pe_info::iterate_imports  154 Checking imports in 'api-ms-win-core-libraryloader-l1-2-0.dll'
34f8 pe_info::iterate_imports  154 Checking imports in 'api-ms-win-core-synch-l1-1-0.dll'
34f8 pe_info::iterate_imports  154 Checking imports in 'api-ms-win-core-heap-l1-1-0.dll'
34f8 pe_info::iterate_imports  154 Checking imports in 'api-ms-win-core-errorhandling-l1-1-0.dll'
34f8 pe_info::iterate_imports  154 Checking imports in 'api-ms-win-core-processthreads-l1-1-0.dll'
34f8 pe_info::iterate_imports  154 Checking imports in 'api-ms-win-core-localization-l1-2-0.dll'
34f8 pe_info::iterate_imports  154 Checking imports in 'api-ms-win-core-debug-l1-1-0.dll'
34f8 pe_info::iterate_imports  154 Checking imports in 'api-ms-win-core-handle-l1-1-0.dll'
34f8 pe_info::iterate_imports  154 Checking imports in 'api-ms-win-core-memory-l1-1-0.dll'
34f8 pe_info::iterate_imports  154 Checking imports in 'api-ms-win-core-console-l1-1-0.dll'
34f8 pe_info::iterate_imports  154 Checking imports in 'api-ms-win-core-file-l1-1-0.dll'
34f8 pe_info::iterate_imports  154 Checking imports in 'api-ms-win-core-string-l1-1-0.dll'
34f8 pe_info::iterate_imports  154 Checking imports in 'api-ms-win-core-processenvironment-l1-1-0.dll'
34f8 hook_iat                   81 Found import at 00007FF7FECE3880 (value = 00007FFD0107AAD0)
34f8 hook_iat                   53 Attempting to hook IAT for module 00007FFCAFAC0000
34f8 hook_iat                   54 Target is (null),GetEnvironmentVariableW (by_name=1)
34f8 pe_info::iterate_imports  154 Checking imports in 'VERSION.dll'
34f8 pe_info::iterate_imports  154 Checking imports in 'SHLWAPI.dll'
34f8 pe_info::iterate_imports  154 Checking imports in 'RPCRT4.dll'
34f8 pe_info::iterate_imports  154 Checking imports in 'dbghelp.dll'
34f8 pe_info::iterate_imports  154 Checking imports in 'KERNEL32.dll'
34f8 hook_iat                   81 Found import at 00007FFCAFBA2200 (value = 00007FFD029BB620)
34f8 hook_setter::commit        88 <<< Hook transaction committed.
34f8 hook_iat                   53 Attempting to hook IAT for module 00007FF7FECB0000
34f8 hook_iat                   54 Target is (null),GetEnvironmentVariableW (by_name=1)
34f8 pe_info::iterate_imports  154 Checking imports in 'msvcrt.dll'
34f8 pe_info::iterate_imports  154 Checking imports in 'ntdll.dll'
34f8 pe_info::iterate_imports  154 Checking imports in 'api-ms-win-core-kernel32-legacy-l1-1-0.dll'
34f8 pe_info::iterate_imports  154 Checking imports in 'api-ms-win-core-libraryloader-l1-2-0.dll'
34f8 pe_info::iterate_imports  154 Checking imports in 'api-ms-win-core-synch-l1-1-0.dll'
34f8 pe_info::iterate_imports  154 Checking imports in 'api-ms-win-core-heap-l1-1-0.dll'
34f8 pe_info::iterate_imports  154 Checking imports in 'api-ms-win-core-errorhandling-l1-1-0.dll'
34f8 pe_info::iterate_imports  154 Checking imports in 'api-ms-win-core-processthreads-l1-1-0.dll'
34f8 pe_info::iterate_imports  154 Checking imports in 'api-ms-win-core-localization-l1-2-0.dll'
34f8 pe_info::iterate_imports  154 Checking imports in 'api-ms-win-core-debug-l1-1-0.dll'
34f8 pe_info::iterate_imports  154 Checking imports in 'api-ms-win-core-handle-l1-1-0.dll'
34f8 pe_info::iterate_imports  154 Checking imports in 'api-ms-win-core-memory-l1-1-0.dll'
34f8 pe_info::iterate_imports  154 Checking imports in 'api-ms-win-core-console-l1-1-0.dll'
34f8 pe_info::iterate_imports  154 Checking imports in 'api-ms-win-core-file-l1-1-0.dll'
34f8 pe_info::iterate_imports  154 Checking imports in 'api-ms-win-core-string-l1-1-0.dll'
34f8 pe_info::iterate_imports  154 Checking imports in 'api-ms-win-core-processenvironment-l1-1-0.dll'
34f8 hook_iat                   81 Found import at 00007FF7FECE3880 (value = 00007FFCAFAD0D30)
34f8 hook_setter::hook_setter   36 >>> Started hook transaction.
34f8 hook_setter::add_detour   119 Attempting to hook ReadConsoleW in kernelbase.dll with 00007FFCAFAD10C0.
34f8 add_repair_iat_node       135 Attempting to hook IAT for module 00007FFCAFAC0000.
34f8 add_repair_iat_node       143 Target is ReadConsoleW (by name).
34f8 pe_info::iterate_imports  154 Checking imports in 'VERSION.dll'
34f8 pe_info::iterate_imports  154 Checking imports in 'SHLWAPI.dll'
34f8 pe_info::iterate_imports  154 Checking imports in 'RPCRT4.dll'
34f8 pe_info::iterate_imports  154 Checking imports in 'dbghelp.dll'
34f8 pe_info::iterate_imports  154 Checking imports in 'KERNEL32.dll'
34f8 add_repair_iat_node       168 Found import at 00007FFCAFBA21F8 (value is 00007FFD029C5370).
34f8 hook_setter::commit        88 <<< Hook transaction committed.
34f8 win_screen_buffer::begin  184 Using native terminal support; found 'conemuhk64.dll'.
34f8 history_db::initialise   1061 master bank ctag: |CTAG_1627355512_1046675734_17100_0
34f8 history_db::compact      1231 History:  9 active, 7 deleted
34f8 history_db::compact      1231 History:  9 active, 8 deleted
34f8 history_db::compact      1231 History:  10 active, 8 deleted
34f8 history_db::compact      1231 History:  10 active, 9 deleted
34f8 history_db::compact      1231 History:  11 active, 9 deleted
34f8 history_db::compact      1231 History:  11 active, 10 deleted
34f8 history_db::compact      1231 History:  12 active, 10 deleted
